<?xml version="1.0" encoding="UTF-8"?>
<!-- Generated by org.testng.reporters.JUnitReportReporter -->
<testsuite skipped="0" hostname="INHYIZLP05420" name="com.phptravels.test.SearchHotel" tests="1" failures="0" timestamp="30 Nov 2017 10:43:55 GMT" time="28.030" errors="0">
  <testcase name="testSerachHotel" time="28.030" classname="com.phptravels.test.SearchHotel"/>
</testsuite> <!-- com.phptravels.test.SearchHotel -->
