<?xml version="1.0" encoding="UTF-8"?>
<!-- Generated by org.testng.reporters.JUnitReportReporter -->
<testsuite skipped="2" hostname="INHYIZLP05420" name="com.newtours.test.FlightBooking" tests="2" failures="0" timestamp="14 Dec 2017 05:18:35 GMT" time="0.000" errors="0">
  <testcase name="testFlightBooking" time="0.000" classname="com.newtours.test.FlightBooking">
    <skipped/>
  </testcase> <!-- testFlightBooking -->
  <testcase name="testFlightBooking" time="0.000" classname="com.newtours.test.FlightBooking">
    <skipped/>
  </testcase> <!-- testFlightBooking -->
</testsuite> <!-- com.newtours.test.FlightBooking -->
