<?xml version="1.0" encoding="UTF-8"?>
<!-- Generated by org.testng.reporters.JUnitReportReporter -->
<testsuite name="com.newtours.test.ValidLogin" tests="1" time="24.665" ignored="0" failures="0" timestamp="14 Dec 2017 10:14:59 GMT" skipped="0" hostname="INHYIZLP05420" errors="0">
  <testcase name="testValidLogin" time="24.665" classname="com.newtours.test.ValidLogin"/>
</testsuite> <!-- com.newtours.test.ValidLogin -->
