<?xml version="1.0" encoding="UTF-8"?>
<!-- Generated by org.testng.reporters.JUnitReportReporter -->
<testsuite name="com.newtours.test.FlightBooking" tests="1" time="69.063" ignored="0" failures="0" timestamp="14 Dec 2017 10:14:59 GMT" skipped="0" hostname="INHYIZLP05420" errors="0">
  <testcase name="testFlightBooking" time="69.063" classname="com.newtours.test.FlightBooking"/>
</testsuite> <!-- com.newtours.test.FlightBooking -->
